Compiling 39 files with Solc 0.8.24
Solc 0.8.24 finished in 475.41s
Compiler run successful with warnings:
Warning (8760): This declaration has the same name as another declaration.
   --> src/HorizonAchievements.sol:167:9:
    |
167 |         bool isSoulbound,
    |         ^^^^^^^^^^^^^^^^
Note: The other declaration is here:
   --> src/HorizonAchievements.sol:371:5:
    |
371 |     function isSoulbound(uint256 tokenId) external view returns (bool) {
    |     ^ (Relevant source part starts here and spans across multiple lines).

Warning (2519): This declaration shadows an existing declaration.
   --> src/HorizonAchievements.sol:169:9:
    |
169 |         string calldata tokenURI,
    |         ^^^^^^^^^^^^^^^^^^^^^^^^
Note: The shadowed declaration is here:
   --> src/HorizonAchievements.sol:458:5:
    |
458 |     function tokenURI(
    |     ^ (Relevant source part starts here and spans across multiple lines).

Warning (2072): Unused local variable.
  --> test/DeliveryEscrow.t.sol:69:10:
   |
69 |         (uint256 missionId, address escrowAddress) = _createDeliveryMission();
   |          ^^^^^^^^^^^^^^^^^

Warning (2072): Unused local variable.
   --> test/DeliveryEscrow.t.sol:143:10:
    |
143 |         (uint256 missionId, address escrowAddress) = _createDeliveryMission();
    |          ^^^^^^^^^^^^^^^^^

Warning (2072): Unused local variable.
   --> test/DeliveryEscrow.t.sol:189:10:
    |
189 |         (uint256 missionId, address escrowAddress) = _createDeliveryMission();
    |          ^^^^^^^^^^^^^^^^^

Warning (2072): Unused local variable.
   --> test/DeliveryEscrow.t.sol:235:10:
    |
235 |         (uint256 missionId, address escrowAddress) = _createDeliveryMission();
    |          ^^^^^^^^^^^^^^^^^

Warning (2072): Unused local variable.
   --> test/DeliveryEscrow.t.sol:282:10:
    |
282 |         (uint256 missionId, address escrowAddress) = _createDeliveryMission();
    |          ^^^^^^^^^^^^^^^^^

Warning (2072): Unused local variable.
   --> test/DisputeResolverTimeout.t.sol:243:10:
    |
243 |         (uint256 missionId, address escrow) = _createDisputedMission();
    |          ^^^^^^^^^^^^^^^^^

Warning (2072): Unused local variable.
   --> test/DisputeResolverTimeout.t.sol:252:10:
    |
252 |         (uint256 missionId, address escrow) = _createDisputedMission();
    |          ^^^^^^^^^^^^^^^^^

Warning (2072): Unused local variable.
   --> test/DisputeResolverTimeout.t.sol:266:10:
    |
266 |         (uint256 missionId, address escrow) = _createDisputedMission();
    |          ^^^^^^^^^^^^^^^^^

Warning (2072): Unused local variable.
   --> test/PaymentRouterSecurity.t.sol:205:9:
    |
205 |         uint256 missionId = factory.createMission(
    |         ^^^^^^^^^^^^^^^^^

Warning (2072): Unused local variable.
   --> test/SmokeTest.t.sol:250:9:
    |
250 |         uint256 metaDAOBefore    = usdc.balanceOf(metaDAOTreasury);
    |         ^^^^^^^^^^^^^^^^^^^^^

Warning (2072): Unused local variable.
  --> test/invariants/PaymentRouterInvariant.t.sol:64:9:
   |
64 |         uint16 guildFeeBps = uint16(bound(uint256(guildFeeBpsSeed), 0, 1000));
   |         ^^^^^^^^^^^^^^^^^^

Warning (2072): Unused local variable.
   --> test/token/FeeDistributor.t.sol:181:9:
    |
181 |         uint256 stakers = (amount * 4000) / 10_000;
    |         ^^^^^^^^^^^^^^^

Warning (2018): Function state mutability can be restricted to pure
   --> src/PaymentRouter.sol:427:5:
    |
427 |     function getFeeSplit(
    |     ^ (Relevant source part starts here and spans across multiple lines).

Warning (2018): Function state mutability can be restricted to pure
   --> src/PaymentRouter.sol:451:5:
    |
451 |     function getGuildFeeBps(address guild) public view returns (uint16) {
    |     ^ (Relevant source part starts here and spans across multiple lines).

Warning (2018): Function state mutability can be restricted to pure
   --> src/PaymentRouter.sol:563:5:
    |
563 |     function getHrznDiscountedFee(uint256 amount)
    |     ^ (Relevant source part starts here and spans across multiple lines).

Warning (2018): Function state mutability can be restricted to view
  --> script/DiagnoseRouter.s.sol:15:3:
   |
15 |   function run() external {
   |   ^ (Relevant source part starts here and spans across multiple lines).

Warning (2018): Function state mutability can be restricted to view
  --> test/DeliveriesDAO.t.sol:94:5:
   |
94 |     function test_GetInsuranceFee_Curated() public {
   |     ^ (Relevant source part starts here and spans across multiple lines).

Warning (2018): Function state mutability can be restricted to view
   --> test/DeliveriesDAO.t.sol:102:5:
    |
102 |     function test_GetInsuranceFee_Public() public {
    |     ^ (Relevant source part starts here and spans across multiple lines).

Warning (2018): Function state mutability can be restricted to pure
  --> test/EthskillsAudit.t.sol:84:5:
   |
84 |     function swapExactTokensForTokens(
   |     ^ (Relevant source part starts here and spans across multiple lines).

Warning (2018): Function state mutability can be restricted to view
   --> test/ReputationOracle.t.sol:326:5:
    |
326 |     function testFuzz_TierBoundaries(uint256 score) public {
    |     ^ (Relevant source part starts here and spans across multiple lines).

Warning (2018): Function state mutability can be restricted to pure
  --> test/SmokeTest.t.sol:66:5:
   |
66 |     function test_SmokeTest_DeploymentAddresses() public view {
   |     ^ (Relevant source part starts here and spans across multiple lines).

Warning (2018): Function state mutability can be restricted to view
   --> test/SmokeTest.t.sol:396:5:
    |
396 |     function test_SmokeTest_GuildHierarchy() public {
    |     ^ (Relevant source part starts here and spans across multiple lines).


╭----------------------------+------------------+-------------------+--------------------+---------------------╮
| Contract                   | Runtime Size (B) | Initcode Size (B) | Runtime Margin (B) | Initcode Margin (B) |
+==============================================================================================================+
| Address                    | 57               | 85                | 24,519             | 49,067              |
|----------------------------+------------------+-------------------+--------------------+---------------------|
| BuybackExecutor            | 3,078            | 3,717             | 21,498             | 45,435              |
|----------------------------+------------------+-------------------+--------------------+---------------------|
| Bytes                      | 57               | 85                | 24,519             | 49,067              |
|----------------------------+------------------+-------------------+--------------------+---------------------|
| Checkpoints                | 57               | 85                | 24,519             | 49,067              |
|----------------------------+------------------+-------------------+--------------------+---------------------|
| Clones                     | 57               | 85                | 24,519             | 49,067              |
|----------------------------+------------------+-------------------+--------------------+---------------------|
| Create2                    | 57               | 85                | 24,519             | 49,067              |
|----------------------------+------------------+-------------------+--------------------+---------------------|
| DeliveriesDAO              | 4,640            | 4,869             | 19,936             | 44,283              |
|----------------------------+------------------+-------------------+--------------------+---------------------|
| DeliveryEscrow             | 8,192            | 8,417             | 16,384             | 40,735              |
|----------------------------+------------------+-------------------+--------------------+---------------------|
| DeliveryEscrowCloner       | 451              | 588               | 24,125             | 48,564              |
|----------------------------+------------------+-------------------+--------------------+---------------------|
| DeliveryMissionFactory     | 3,739            | 12,458            | 20,837             | 36,694              |
|----------------------------+------------------+-------------------+--------------------+---------------------|
| DisputeResolver            | 8,723            | 9,176             | 15,853             | 39,976              |
|----------------------------+------------------+-------------------+--------------------+---------------------|
| DoubleEndedQueue           | 57               | 85                | 24,519             | 49,067              |
|----------------------------+------------------+-------------------+--------------------+---------------------|
| ECDSA                      | 57               | 85                | 24,519             | 49,067              |
|----------------------------+------------------+-------------------+--------------------+---------------------|
| ERC721Utils                | 57               | 85                | 24,519             | 49,067              |
|----------------------------+------------------+-------------------+--------------------+---------------------|
| Errors                     | 57               | 85                | 24,519             | 49,067              |
|----------------------------+------------------+-------------------+--------------------+---------------------|
| FeeDistributor             | 4,598            | 5,109             | 19,978             | 44,043              |
|----------------------------+------------------+-------------------+--------------------+---------------------|
| GuildDAO                   | 9,028            | 9,217             | 15,548             | 39,935              |
|----------------------------+------------------+-------------------+--------------------+---------------------|
| GuildFactory               | 2,628            | 12,080            | 21,948             | 37,072              |
|----------------------------+------------------+-------------------+--------------------+---------------------|
| GuildGovernor              | 13,040           | 15,350            | 11,536             | 33,802              |
|----------------------------+------------------+-------------------+--------------------+---------------------|
| GuildGovernorFactory       | 25,129           | 25,416            | -553               | 23,736              |
|----------------------------+------------------+-------------------+--------------------+---------------------|
| GuildGovernorFactorySimple | 15,021           | 15,301            | 9,555              | 33,851              |
|----------------------------+------------------+-------------------+--------------------+---------------------|
| GuildGovernorSimple        | 11,174           | 13,293            | 13,402             | 35,859              |
|----------------------------+------------------+-------------------+--------------------+---------------------|
| GuildTimelock              | 5,357            | 6,683             | 19,219             | 42,469              |
|----------------------------+------------------+-------------------+--------------------+---------------------|
| GuildXP                    | 4,484            | 5,214             | 20,092             | 43,938              |
|----------------------------+------------------+-------------------+--------------------+---------------------|
| GuildXPMock                | 1,221            | 1,248             | 23,355             | 47,904              |
|----------------------------+------------------+-------------------+--------------------+---------------------|
| HorizonAchievements        | 10,809           | 12,572            | 13,767             | 36,580              |
|----------------------------+------------------+-------------------+--------------------+---------------------|
| HorizonGovernor            | 14,569           | 17,377            | 10,007             | 31,775              |
|----------------------------+------------------+-------------------+--------------------+---------------------|
| HorizonTimelock            | 5,279            | 6,533             | 19,297             | 42,619              |
|----------------------------+------------------+-------------------+--------------------+---------------------|
| HorizonToken               | 7,625            | 13,370            | 16,951             | 35,782              |
|----------------------------+------------------+-------------------+--------------------+---------------------|
| HorizonVesting             | 2,514            | 3,253             | 22,062             | 45,899              |
|----------------------------+------------------+-------------------+--------------------+---------------------|
| LowLevelCall               | 57               | 85                | 24,519             | 49,067              |
|----------------------------+------------------+-------------------+--------------------+---------------------|
| Math                       | 57               | 85                | 24,519             | 49,067              |
|----------------------------+------------------+-------------------+--------------------+---------------------|
| Memory                     | 57               | 85                | 24,519             | 49,067              |
|----------------------------+------------------+-------------------+--------------------+---------------------|
| MessageHashUtils           | 57               | 85                | 24,519             | 49,067              |
|----------------------------+------------------+-------------------+--------------------+---------------------|
| MissionEscrow              | 4,224            | 4,449             | 20,352             | 44,703              |
|----------------------------+------------------+-------------------+--------------------+---------------------|
| MissionFactory             | 5,050            | 9,834             | 19,526             | 39,318              |
|----------------------------+------------------+-------------------+--------------------+---------------------|
| MockAerodromeRouter        | 407              | 434               | 24,169             | 48,718              |
|----------------------------+------------------+-------------------+--------------------+---------------------|
| MockERC20                  | 1,958            | 2,916             | 22,618             | 46,236              |
|----------------------------+------------------+-------------------+--------------------+---------------------|
| Panic                      | 57               | 85                | 24,519             | 49,067              |
|----------------------------+------------------+-------------------+--------------------+---------------------|
| PauseRegistry              | 2,919            | 3,394             | 21,657             | 45,758              |
|----------------------------+------------------+-------------------+--------------------+---------------------|
| PaymentRouter              | 7,739            | 8,713             | 16,837             | 40,439              |
|----------------------------+------------------+-------------------+--------------------+---------------------|
| ReentrantToken             | 1,555            | 1,582             | 23,021             | 47,570              |
|----------------------------+------------------+-------------------+--------------------+---------------------|
| ReputationOracle           | 3,559            | 4,289             | 21,017             | 44,863              |
|----------------------------+------------------+-------------------+--------------------+---------------------|
| SafeCast                   | 57               | 85                | 24,519             | 49,067              |
|----------------------------+------------------+-------------------+--------------------+---------------------|
| SafeERC20                  | 57               | 85                | 24,519             | 49,067              |
|----------------------------+------------------+-------------------+--------------------+---------------------|
| SeasonsRegistry            | 1,880            | 2,005             | 22,696             | 47,147              |
|----------------------------+------------------+-------------------+--------------------+---------------------|
| ShortStrings               | 57               | 85                | 24,519             | 49,067              |
|----------------------------+------------------+-------------------+--------------------+---------------------|
| SignatureChecker           | 57               | 85                | 24,519             | 49,067              |
|----------------------------+------------------+-------------------+--------------------+---------------------|
| SignedMath                 | 57               | 85                | 24,519             | 49,067              |
|----------------------------+------------------+-------------------+--------------------+---------------------|
| StorageSlot                | 57               | 85                | 24,519             | 49,067              |
|----------------------------+------------------+-------------------+--------------------+---------------------|
| Strings                    | 57               | 85                | 24,519             | 49,067              |
|----------------------------+------------------+-------------------+--------------------+---------------------|
| Time                       | 57               | 85                | 24,519             | 49,067              |
|----------------------------+------------------+-------------------+--------------------+---------------------|
| TimelockController         | 5,279            | 6,533             | 19,297             | 42,619              |
|----------------------------+------------------+-------------------+--------------------+---------------------|
| sHRZNVault                 | 6,808            | 8,111             | 17,768             | 41,041              |
╰----------------------------+------------------+-------------------+--------------------+---------------------╯

Error: some contracts exceed the runtime size limit (EIP-170: 24576 bytes)
